Swift 0.95 Branch SVN swift-r7924 (swift modified locally) cog-r3951 (cog modified locally)
RunID: run004
Progress: Thu, 14 Aug 2014 20:29:59-0500
Progress: Thu, 14 Aug 2014 20:30:00-0500  Submitting:10
Progress: Thu, 14 Aug 2014 20:30:24-0500  Submitting:9  Failed but can retry:1
Progress: Thu, 14 Aug 2014 20:30:28-0500  Submitting:8  Failed but can retry:2
Progress: Thu, 14 Aug 2014 20:30:31-0500  Submitting:7  Failed but can retry:3
Progress: Thu, 14 Aug 2014 20:30:35-0500  Submitting:6  Failed but can retry:4
Progress: Thu, 14 Aug 2014 20:30:39-0500  Submitting:5  Failed but can retry:5
Progress: Thu, 14 Aug 2014 20:30:43-0500  Submitting:4  Failed but can retry:6
Progress: Thu, 14 Aug 2014 20:30:47-0500  Submitting:10
Progress: Thu, 14 Aug 2014 20:30:50-0500  Submitting:9  Failed but can retry:1
Progress: Thu, 14 Aug 2014 20:30:54-0500  Submitting:8  Failed but can retry:2
Progress: Thu, 14 Aug 2014 20:30:58-0500  Submitting:7  Failed but can retry:3
Progress: Thu, 14 Aug 2014 20:31:02-0500  Submitting:6  Failed but can retry:4
Progress: Thu, 14 Aug 2014 20:31:06-0500  Submitting:5  Failed but can retry:5
Progress: Thu, 14 Aug 2014 20:31:10-0500  Submitting:4  Failed but can retry:6
Progress: Thu, 14 Aug 2014 20:31:13-0500  Submitting:10
Progress: Thu, 14 Aug 2014 20:31:17-0500  Submitting:9  Failed but can retry:1
Progress: Thu, 14 Aug 2014 20:31:21-0500  Submitting:8  Failed but can retry:2
Progress: Thu, 14 Aug 2014 20:31:25-0500  Submitting:7  Failed but can retry:3
