2014-08-14 20:28:47,293-0500 INFO  Loader VERSION Swift 0.95 Branch SVN swift-r7924 (swift modified locally) cog-r3951 (cog modified locally)
2014-08-14 20:28:47,295-0500 INFO  Loader RUN_ID run003
2014-08-14 20:28:47,295-0500 INFO  Loader ARGUMENTS [-runid, run003, -logfile, /home/yadu/src/swift-on-cloud/swift-tutorial/part04/run003/run003.log, -sites.file, /home/yadu/src/swift-on-cloud/swift-tutorial/part04/run003/sites.xml, -tc.file, /home/yadu/src/swift-on-cloud/swift-tutorial/part04/run003/apps, -config, /home/yadu/src/swift-on-cloud/swift-tutorial/part04/run003/cf, p4.swift, -site=midway-remote]
2014-08-14 20:28:47,296-0500 INFO  Loader MAX_HEAP 954466304
2014-08-14 20:28:47,296-0500 INFO  Loader GLOBUS_HOSTNAME borgmachine
2014-08-14 20:28:47,296-0500 INFO  Loader CWD /home/yadu/src/swift-on-cloud/swift-tutorial/part04/.
2014-08-14 20:28:47,296-0500 DEBUG Loader SWIFT_CONFIGURATION Swift configuration ([/home/yadu/src/swift-on-cloud/swift-tutorial/part04/run003/cf]): {pgraph.node.options=color="seagreen", style="filled", clustering.min.time=60, clustering.queue.delay=4, sites.file=/home/yadu/src/swift-on-cloud/swift-tutorial/part04/run003/sites.xml, ticker.prefix=Progress: , provenance.log=false, kickstart.enabled=maybe, tc.file=/home/yadu/src/swift-on-cloud/swift-tutorial/part04/run003/apps, foreach.max.threads=16384, lazy.errors=false, ticker.date.format=, sitedir.keep=false, throttle.score.job.factor=0.2, kickstart.always.transfer=false, throttle.host.submit=2, replication.limit=3, clustering.enabled=false, pgraph=false, file.gc.enabled=true, replication.min.queue.time=60, wrapper.parameter.mode=args, replication.enabled=false, throttle.transfers=4, wrapperlog.always.transfer=false, throttle.submit=4, pgraph.graph.options=splines="compound", rankdir="TB", caching.algorithm=LRU, logfile=/home/yadu/src/swift-on-cloud/swift-tutorial/part04/run003/run003.log, use.wrapper.staging=false, provider.staging.pin.swiftfiles=false, tracing.enabled=true, wrapper.invocation.mode=absolute, mapping.checker=on, execution.retries=2, cdm.broadcast.mode=file, status.mode=files, use.provider.staging=true, throttle.file.operations=8}
2014-08-14 20:28:47,296-0500 INFO  Loader SITES_FILE /home/yadu/src/swift-on-cloud/swift-tutorial/part04/run003/sites.xml
2014-08-14 20:28:47,297-0500 DEBUG textfiles BEGIN SITES:
<?xml version="1.0" encoding="UTF-8"?>
<config xmlns="http://www.ci.uchicago.edu/swift/SwiftSites">

<pool handle="midway-remote">
<filesystem provider="local"/>
<execution provider="coaster" jobmanager="ssh-cl:slurm" url="midway.rcc.uchicago.edu"/>
<profile namespace="karajan" key="initialScore">10000</profile>
<profile namespace="globus" key="project">pi-wilde</profile>
<profile namespace="globus" key="jobsPerNode">12</profile>
<workdirectory>/scratch/midway/yadu/work</workdirectory>
<profile namespace="globus" key="queue">westmere</profile>
</pool>

</config>


2014-08-14 20:28:47,297-0500 DEBUG textfiles END SITES:
2014-08-14 20:28:47,297-0500 INFO  Loader TC_FILE /home/yadu/src/swift-on-cloud/swift-tutorial/part04/run003/apps
2014-08-14 20:28:47,297-0500 DEBUG textfiles BEGIN TC:
* * * INSTALLED INTEL32::LINUX null


2014-08-14 20:28:47,297-0500 DEBUG textfiles END TC:
2014-08-14 20:28:47,297-0500 DEBUG textfiles BEGIN SWIFTSCRIPT:
type file;

app (file out, file log) simulation (int sim_steps, int sim_range, int sim_values, file sim_script)
{
  bash "simulate.sh" "--timesteps" sim_steps "--range" sim_range "--nvalues" sim_values stdout=@out stderr=@log;
}

app (file out, file log) analyze (file s[], file stat_script)
{
  bash "stats.sh" filenames(s) stdout=@out stderr=@log;
}

int nsim   = toInt(arg("nsim",   "10"));
int steps  = toInt(arg("steps",  "1"));
int range  = toInt(arg("range",  "100"));
int values = toInt(arg("values", "5"));

file simulate_script <"simulate.sh">;
file stats_script <"stats.sh">;

file sims[];

foreach i in [0:nsim-1] {
  file simout <single_file_mapper; file=strcat("output/sim_",i,".out")>;
  file simlog <single_file_mapper; file=strcat("output/sim_",i,".log")>;
  (simout,simlog) = simulation(steps,range,values,simulate_script);
  sims[i] = simout;
}

file stats_out<"output/average.out">;
file stats_log<"output/average.log">;
(stats_out, stats_log) = analyze(sims, stats_script);


2014-08-14 20:28:47,297-0500 DEBUG textfiles END SWIFTSCRIPT:
2014-08-14 20:28:47,297-0500 DEBUG Loader kmlversion is >2eed3a7a-22bc-47c8-98a3-20ad7d13ab51-no-provenance<
2014-08-14 20:28:47,298-0500 DEBUG Loader build version is >2eed3a7a-22bc-47c8-98a3-20ad7d13ab51-no-provenance<
2014-08-14 20:28:47,298-0500 DEBUG Loader Recompilation suppressed.
2014-08-14 20:28:47,731-0500 INFO  Loader RUN_START
2014-08-14 20:28:47,733-0500 INFO  SwiftExecutor swift.home = /home/yadu/src/swift-0.95/cog/modules/swift/dist/swift-svn
2014-08-14 20:28:47,740-0500 INFO  swift Using sites file: /home/yadu/src/swift-on-cloud/swift-tutorial/part04/run003/sites.xml
2014-08-14 20:28:47,759-0500 INFO  swift Using tc.data: /home/yadu/src/swift-on-cloud/swift-tutorial/part04/run003/apps
2014-08-14 20:28:47,850-0500 INFO  AbstractScheduler Setting resources to: {midway-remote=midway-remote}
2014-08-14 20:28:47,853-0500 INFO  TRACE Variable declaration, line 12, thread R, null = --nvalues
2014-08-14 20:28:47,853-0500 INFO  TRACE Variable declaration, line 13, thread R, null = range
2014-08-14 20:28:47,854-0500 INFO  TRACE Variable declaration, line 14, thread R, null = nsim
2014-08-14 20:28:47,854-0500 INFO  TRACE Variable declaration, line 15, thread R, null = stats.sh
2014-08-14 20:28:47,854-0500 INFO  TRACE Variable declaration, line 16, thread R, null = --timesteps
2014-08-14 20:28:47,854-0500 INFO  TRACE Variable declaration, line 17, thread R, null = .out
2014-08-14 20:28:47,854-0500 INFO  TRACE Variable declaration, line 18, thread R, null = steps
2014-08-14 20:28:47,854-0500 INFO  TRACE Variable declaration, line 19, thread R, null = 10
2014-08-14 20:28:47,854-0500 INFO  TRACE Variable declaration, line 20, thread R, null = 1
2014-08-14 20:28:47,854-0500 INFO  TRACE Variable declaration, line 21, thread R, null = values
2014-08-14 20:28:47,854-0500 INFO  TRACE Variable declaration, line 22, thread R, null = simulate.sh
2014-08-14 20:28:47,854-0500 INFO  TRACE Variable declaration, line 23, thread R, null = .log
2014-08-14 20:28:47,854-0500 INFO  TRACE Variable declaration, line 24, thread R, null = 5
2014-08-14 20:28:47,854-0500 INFO  TRACE Variable declaration, line 25, thread R, null = --range
2014-08-14 20:28:47,854-0500 INFO  TRACE Variable declaration, line 26, thread R, null = 100
2014-08-14 20:28:47,854-0500 INFO  TRACE Variable declaration, line 27, thread R, null = output/sim_
2014-08-14 20:28:47,854-0500 INFO  TRACE Variable declaration, line 28, thread R, null = 0
2014-08-14 20:28:47,854-0500 INFO  TRACE Variable declaration, line 29, thread R, null = 1
2014-08-14 20:28:47,854-0500 INFO  TRACE VARIABLE, line 13, thread R, nsim INITIALIZED org.griphyn.vdl.mapping.NullMapper@3cd82121
2014-08-14 20:28:47,854-0500 INFO  TRACE Variable declaration, line 13, thread R, nsim org.griphyn.vdl.mapping.NullMapper@3cd82121
2014-08-14 20:28:47,854-0500 INFO  TRACE VARIABLE, line 14, thread R, steps INITIALIZED org.griphyn.vdl.mapping.NullMapper@3cd82121
2014-08-14 20:28:47,854-0500 INFO  TRACE Variable declaration, line 14, thread R, steps org.griphyn.vdl.mapping.NullMapper@3cd82121
2014-08-14 20:28:47,854-0500 INFO  TRACE VARIABLE, line 15, thread R, range INITIALIZED org.griphyn.vdl.mapping.NullMapper@3cd82121
2014-08-14 20:28:47,854-0500 INFO  TRACE Variable declaration, line 15, thread R, range org.griphyn.vdl.mapping.NullMapper@3cd82121
2014-08-14 20:28:47,854-0500 INFO  TRACE VARIABLE, line 16, thread R, values INITIALIZED org.griphyn.vdl.mapping.NullMapper@3cd82121
2014-08-14 20:28:47,854-0500 INFO  TRACE Variable declaration, line 16, thread R, values org.griphyn.vdl.mapping.NullMapper@3cd82121
2014-08-14 20:28:47,870-0500 INFO  TRACE VARIABLE, line 18, thread R, simulate_script INITIALIZED <SingleFileMapper; , file = file://localhost/simulate.sh>
2014-08-14 20:28:47,871-0500 INFO  TRACE VARIABLE, line 18, thread R, simulate_script INITIALIZED <SingleFileMapper; , file = file://localhost/simulate.sh>
2014-08-14 20:28:47,871-0500 INFO  TRACE VARIABLE, line 18, thread R, simulate_script MAPPING $, file://localhost/simulate.sh
2014-08-14 20:28:47,871-0500 INFO  TRACE Variable declaration, line 18, thread R, simulate_script <SingleFileMapper; , file = file://localhost/simulate.sh>
2014-08-14 20:28:47,871-0500 INFO  TRACE VARIABLE, line 19, thread R, stats_script INITIALIZED <SingleFileMapper; , file = file://localhost/stats.sh>
2014-08-14 20:28:47,872-0500 INFO  TRACE VARIABLE, line 19, thread R, stats_script INITIALIZED <SingleFileMapper; , file = file://localhost/stats.sh>
2014-08-14 20:28:47,872-0500 INFO  TRACE VARIABLE, line 19, thread R, stats_script MAPPING $, file://localhost/stats.sh
2014-08-14 20:28:47,872-0500 INFO  TRACE Variable declaration, line 19, thread R, stats_script <SingleFileMapper; , file = file://localhost/stats.sh>
2014-08-14 20:28:47,872-0500 INFO  TRACE Variable declaration, line 21, thread R, sims
2014-08-14 20:28:47,873-0500 INFO  TRACE VARIABLE, line 21, thread R, sims INITIALIZED <ConcurrentMapper; , prefix = sims-b46c3cec-db07-49d1-8e96-93a6ccc3001e, suffix = null, pattern = sims-b46c3cec-db07-49d1-8e96-93a6ccc3001e*, location = null>
2014-08-14 20:28:47,874-0500 INFO  TRACE VARIABLE, line 30, thread R, stats_out INITIALIZED <SingleFileMapper; , file = file://localhost/output/average.out>
2014-08-14 20:28:47,874-0500 INFO  TRACE Variable declaration, line 30, thread R, stats_out <SingleFileMapper; , file = file://localhost/output/average.out>
2014-08-14 20:28:47,874-0500 INFO  TRACE VARIABLE, line 31, thread R, stats_log INITIALIZED <SingleFileMapper; , file = file://localhost/output/average.log>
2014-08-14 20:28:47,874-0500 INFO  TRACE Variable declaration, line 31, thread R, stats_log <SingleFileMapper; , file = file://localhost/output/average.log>
2014-08-14 20:28:47,882-0500 INFO  RuntimeStats$ProgressTicker 
2014-08-14 20:28:47,882-0500 INFO  RuntimeStats$ProgressTicker HeapMax: 954466304, CrtHeap: 124387328, UsedHeap: 15837624
2014-08-14 20:28:47,883-0500 INFO  TRACE APPCALL, line 8, thread R-6, analyze()
2014-08-14 20:28:47,884-0500 INFO  TRACE ASSIGN, line 16, thread R-3, range = 100
2014-08-14 20:28:47,884-0500 INFO  TRACE ASSIGN, line 18, thread R-4, values = 5
2014-08-14 20:28:47,884-0500 INFO  TRACE ASSIGN, line 15, thread R-2, steps = 1
2014-08-14 20:28:47,884-0500 INFO  TRACE VARIABLE, line 16, thread R, values INITIALIZED org.griphyn.vdl.mapping.NullMapper@3cd82121
2014-08-14 20:28:47,884-0500 INFO  TRACE VARIABLE, line 15, thread R, range INITIALIZED org.griphyn.vdl.mapping.NullMapper@3cd82121
2014-08-14 20:28:47,884-0500 INFO  TRACE ASSIGN, line 14, thread R-1, nsim = 10
2014-08-14 20:28:47,884-0500 INFO  TRACE VARIABLE, line 14, thread R, steps INITIALIZED org.griphyn.vdl.mapping.NullMapper@3cd82121
2014-08-14 20:28:47,884-0500 INFO  TRACE VARIABLE, line 16, thread R, values CLOSE write ref count is zero
2014-08-14 20:28:47,884-0500 INFO  TRACE VARIABLE, line 13, thread R, nsim INITIALIZED org.griphyn.vdl.mapping.NullMapper@3cd82121
2014-08-14 20:28:47,884-0500 INFO  TRACE VARIABLE, line 15, thread R, range CLOSE write ref count is zero
2014-08-14 20:28:47,884-0500 DEBUG swift PROCEDURE line=8 thread=R-6 name=analyze
2014-08-14 20:28:47,884-0500 INFO  TRACE VARIABLE, line 14, thread R, steps CLOSE write ref count is zero
2014-08-14 20:28:47,884-0500 INFO  TRACE VARIABLE, line 13, thread R, nsim CLOSE write ref count is zero
2014-08-14 20:28:47,884-0500 INFO  TRACE APPCALL, line 94, thread R-6, k:block WAIT sims:file[int] - Open
2014-08-14 20:28:47,887-0500 INFO  TRACE FOREACH, line 23, thread R-5
2014-08-14 20:28:47,889-0500 INFO  TRACE ITERATION, line 23, thread R-5-0, i=0
2014-08-14 20:28:47,889-0500 INFO  TRACE ITERATION, line 23, thread R-5-1, i=1
2014-08-14 20:28:47,889-0500 DEBUG swift FOREACH_IT_START line=23 thread=R-5-0
2014-08-14 20:28:47,889-0500 DEBUG swift FOREACH_IT_START line=23 thread=R-5-1
2014-08-14 20:28:47,889-0500 DEBUG swift SCOPE thread=R-5-0
2014-08-14 20:28:47,889-0500 DEBUG swift SCOPE thread=R-5-1
2014-08-14 20:28:47,889-0500 INFO  TRACE ITERATION, line 23, thread R-5-2, i=2
2014-08-14 20:28:47,889-0500 INFO  TRACE Variable declaration, line 166, thread R-5-1, swift#mapper#17013 org.griphyn.vdl.mapping.NullMapper@3cd82121
2014-08-14 20:28:47,889-0500 INFO  TRACE Variable declaration, line 166, thread R-5-0, swift#mapper#17013 org.griphyn.vdl.mapping.NullMapper@3cd82121
2014-08-14 20:28:47,889-0500 DEBUG swift FOREACH_IT_START line=23 thread=R-5-2
2014-08-14 20:28:47,889-0500 DEBUG swift SCOPE thread=R-5-2
2014-08-14 20:28:47,889-0500 INFO  TRACE ITERATION, line 23, thread R-5-3, i=3
2014-08-14 20:28:47,889-0500 INFO  TRACE Variable declaration, line 166, thread R-5-2, swift#mapper#17013 org.griphyn.vdl.mapping.NullMapper@3cd82121
2014-08-14 20:28:47,889-0500 INFO  TRACE ITERATION, line 23, thread R-5-4, i=4
2014-08-14 20:28:47,889-0500 DEBUG swift FOREACH_IT_START line=23 thread=R-5-3
2014-08-14 20:28:47,889-0500 DEBUG swift SCOPE thread=R-5-3
2014-08-14 20:28:47,889-0500 INFO  TRACE VARIABLE, line 24, thread R-5-1, simout WAIT swift#mapper#17013
2014-08-14 20:28:47,889-0500 DEBUG swift FOREACH_IT_START line=23 thread=R-5-4
2014-08-14 20:28:47,889-0500 INFO  TRACE Variable declaration, line 24, thread R-5-1, simout <SingleFileMapper; , file = ?swift#mapper#17013>
2014-08-14 20:28:47,889-0500 DEBUG swift SCOPE thread=R-5-4
2014-08-14 20:28:47,889-0500 INFO  TRACE VARIABLE, line 24, thread R-5-2, simout WAIT swift#mapper#17013
2014-08-14 20:28:47,889-0500 INFO  TRACE Variable declaration, line 166, thread R-5-3, swift#mapper#17013 org.griphyn.vdl.mapping.NullMapper@3cd82121
2014-08-14 20:28:47,889-0500 INFO  TRACE VARIABLE, line 24, thread R-5-0, simout WAIT swift#mapper#17013
2014-08-14 20:28:47,889-0500 INFO  TRACE Variable declaration, line 166, thread R-5-4, swift#mapper#17013 org.griphyn.vdl.mapping.NullMapper@3cd82121
2014-08-14 20:28:47,889-0500 INFO  TRACE Variable declaration, line 24, thread R-5-2, simout <SingleFileMapper; , file = ?swift#mapper#17013>
2014-08-14 20:28:47,889-0500 INFO  TRACE Variable declaration, line 174, thread R-5-1, swift#mapper#17016 org.griphyn.vdl.mapping.NullMapper@3cd82121
2014-08-14 20:28:47,889-0500 INFO  TRACE Variable declaration, line 24, thread R-5-0, simout <SingleFileMapper; , file = ?swift#mapper#17013>
2014-08-14 20:28:47,889-0500 INFO  TRACE Variable declaration, line 174, thread R-5-2, swift#mapper#17016 org.griphyn.vdl.mapping.NullMapper@3cd82121
2014-08-14 20:28:47,889-0500 INFO  TRACE ITERATION, line 23, thread R-5x2, i=5
2014-08-14 20:28:47,889-0500 INFO  TRACE VARIABLE, line 24, thread R-5-3, simout WAIT swift#mapper#17013
2014-08-14 20:28:47,889-0500 INFO  TRACE Variable declaration, line 174, thread R-5-0, swift#mapper#17016 org.griphyn.vdl.mapping.NullMapper@3cd82121
2014-08-14 20:28:47,889-0500 INFO  TRACE Variable declaration, line 24, thread R-5-3, simout <SingleFileMapper; , file = ?swift#mapper#17013>
2014-08-14 20:28:47,889-0500 INFO  TRACE VARIABLE, line 24, thread R-5-4, simout WAIT swift#mapper#17013
2014-08-14 20:28:47,889-0500 INFO  TRACE VARIABLE, line 25, thread R-5-2, simlog WAIT swift#mapper#17016
2014-08-14 20:28:47,889-0500 INFO  TRACE VARIABLE, line 25, thread R-5-1, simlog WAIT swift#mapper#17016
2014-08-14 20:28:47,889-0500 INFO  TRACE Variable declaration, line 24, thread R-5-4, simout <SingleFileMapper; , file = ?swift#mapper#17013>
2014-08-14 20:28:47,889-0500 INFO  TRACE Variable declaration, line 25, thread R-5-2, simlog <SingleFileMapper; , file = ?swift#mapper#17016>
2014-08-14 20:28:47,889-0500 INFO  TRACE Variable declaration, line 25, thread R-5-1, simlog <SingleFileMapper; , file = ?swift#mapper#17016>
2014-08-14 20:28:47,889-0500 INFO  TRACE ITERATION, line 23, thread R-5-6, i=6
2014-08-14 20:28:47,889-0500 INFO  TRACE Variable declaration, line 174, thread R-5-4, swift#mapper#17016 org.griphyn.vdl.mapping.NullMapper@3cd82121
2014-08-14 20:28:47,889-0500 INFO  TRACE VARIABLE, line 25, thread R-5-0, simlog WAIT swift#mapper#17016
2014-08-14 20:28:47,889-0500 DEBUG swift FOREACH_IT_START line=23 thread=R-5-6
2014-08-14 20:28:47,889-0500 INFO  TRACE Variable declaration, line 25, thread R-5-0, simlog <SingleFileMapper; , file = ?swift#mapper#17016>
2014-08-14 20:28:47,889-0500 DEBUG swift SCOPE thread=R-5-6
2014-08-14 20:28:47,889-0500 INFO  TRACE VARIABLE, line 25, thread R-5-4, simlog WAIT swift#mapper#17016
2014-08-14 20:28:47,889-0500 INFO  TRACE Variable declaration, line 166, thread R-5-6, swift#mapper#17013 org.griphyn.vdl.mapping.NullMapper@3cd82121
2014-08-14 20:28:47,889-0500 DEBUG swift FOREACH_IT_START line=23 thread=R-5x2
2014-08-14 20:28:47,889-0500 DEBUG swift SCOPE thread=R-5x2
2014-08-14 20:28:47,889-0500 INFO  TRACE Variable declaration, line 25, thread R-5-4, simlog <SingleFileMapper; , file = ?swift#mapper#17016>
2014-08-14 20:28:47,889-0500 INFO  TRACE Variable declaration, line 166, thread R-5x2, swift#mapper#17013 org.griphyn.vdl.mapping.NullMapper@3cd82121
2014-08-14 20:28:47,889-0500 INFO  TRACE ASSIGN, line 189, thread R-5-2-1, swift#mapper#17016 = "output/sim_2.log"
2014-08-14 20:28:47,890-0500 INFO  TRACE VARIABLE, line 24, thread R-5-6, simout WAIT swift#mapper#17013
2014-08-14 20:28:47,890-0500 INFO  TRACE VARIABLE, line 25, thread R-5-2, simlog INITIALIZED <SingleFileMapper; , file = file://localhost/output/sim_2.log>
2014-08-14 20:28:47,890-0500 INFO  TRACE Variable declaration, line 24, thread R-5-6, simout <SingleFileMapper; , file = ?swift#mapper#17013>
2014-08-14 20:28:47,890-0500 INFO  TRACE Variable declaration, line 174, thread R-5-6, swift#mapper#17016 org.griphyn.vdl.mapping.NullMapper@3cd82121
2014-08-14 20:28:47,890-0500 INFO  TRACE Variable declaration, line 174, thread R-5-3, swift#mapper#17016 org.griphyn.vdl.mapping.NullMapper@3cd82121
2014-08-14 20:28:47,890-0500 INFO  TRACE VARIABLE, line 24, thread R-5x2, simout WAIT swift#mapper#17013
2014-08-14 20:28:47,890-0500 INFO  TRACE VARIABLE, line 25, thread R-5-6, simlog WAIT swift#mapper#17016
2014-08-14 20:28:47,890-0500 INFO  TRACE Variable declaration, line 24, thread R-5x2, simout <SingleFileMapper; , file = ?swift#mapper#17013>
2014-08-14 20:28:47,890-0500 INFO  TRACE ITERATION, line 23, thread R-5-7, i=7
2014-08-14 20:28:47,890-0500 INFO  TRACE Variable declaration, line 25, thread R-5-6, simlog <SingleFileMapper; , file = ?swift#mapper#17016>
2014-08-14 20:28:47,890-0500 INFO  TRACE VARIABLE, line 25, thread R-5-3, simlog WAIT swift#mapper#17016
2014-08-14 20:28:47,890-0500 INFO  TRACE Variable declaration, line 174, thread R-5x2, swift#mapper#17016 org.griphyn.vdl.mapping.NullMapper@3cd82121
2014-08-14 20:28:47,890-0500 DEBUG swift FOREACH_IT_START line=23 thread=R-5-7
2014-08-14 20:28:47,890-0500 DEBUG swift SCOPE thread=R-5-7
2014-08-14 20:28:47,890-0500 INFO  TRACE Variable declaration, line 25, thread R-5-3, simlog <SingleFileMapper; , file = ?swift#mapper#17016>
2014-08-14 20:28:47,890-0500 INFO  TRACE VARIABLE, line 25, thread R-5x2, simlog WAIT swift#mapper#17016
2014-08-14 20:28:47,890-0500 INFO  TRACE Variable declaration, line 166, thread R-5-7, swift#mapper#17013 org.griphyn.vdl.mapping.NullMapper@3cd82121
2014-08-14 20:28:47,890-0500 INFO  TRACE Variable declaration, line 25, thread R-5x2, simlog <SingleFileMapper; , file = ?swift#mapper#17016>
2014-08-14 20:28:47,890-0500 INFO  TRACE VARIABLE, line 24, thread R-5-7, simout WAIT swift#mapper#17013
2014-08-14 20:28:47,890-0500 INFO  TRACE Variable declaration, line 24, thread R-5-7, simout <SingleFileMapper; , file = ?swift#mapper#17013>
2014-08-14 20:28:47,890-0500 INFO  TRACE Variable declaration, line 174, thread R-5-7, swift#mapper#17016 org.griphyn.vdl.mapping.NullMapper@3cd82121
2014-08-14 20:28:47,890-0500 INFO  TRACE ASSIGN, line 189, thread R-5-1x2, swift#mapper#17016 = "output/sim_1.log"
2014-08-14 20:28:47,890-0500 INFO  TRACE APPCALL, line 3, thread R-5-0-2, simulation()
2014-08-14 20:28:47,890-0500 INFO  TRACE VARIABLE, line 25, thread R-5-1, simlog INITIALIZED <SingleFileMapper; , file = file://localhost/output/sim_1.log>
2014-08-14 20:28:47,890-0500 DEBUG swift PROCEDURE line=3 thread=R-5-0-2 name=simulation
2014-08-14 20:28:47,890-0500 INFO  TRACE APPCALL, line 3, thread R-5-4-2, simulation()
2014-08-14 20:28:47,890-0500 INFO  TRACE VARIABLE, line 25, thread R-5-7, simlog WAIT swift#mapper#17016
2014-08-14 20:28:47,890-0500 DEBUG swift PROCEDURE line=3 thread=R-5-4-2 name=simulation
2014-08-14 20:28:47,890-0500 INFO  TRACE Variable declaration, line 25, thread R-5-7, simlog <SingleFileMapper; , file = ?swift#mapper#17016>
2014-08-14 20:28:47,890-0500 INFO  TRACE ASSIGN, line 28, thread R-5-2-3, sims[2] = ?simout
2014-08-14 20:28:47,890-0500 INFO  TRACE ASSIGN, line 28, thread R-5-1-3, sims[1] = ?simout
2014-08-14 20:28:47,890-0500 INFO  TRACE APPCALL, line 94, thread R-6, k:block WAIT sims:file[int] - Open
2014-08-14 20:28:47,890-0500 INFO  TRACE ASSIGN, line 182, thread R-5-4-0, swift#mapper#17013 = "output/sim_4.out"
2014-08-14 20:28:47,890-0500 INFO  TRACE ASSIGN, line 28, thread R-5-4-3, sims[4] = ?simout
2014-08-14 20:28:47,890-0500 INFO  TRACE VARIABLE, line 24, thread R-5-4, simout INITIALIZED <SingleFileMapper; , file = file://localhost/output/sim_4.out>
2014-08-14 20:28:47,891-0500 INFO  TRACE ASSIGN, line 189, thread R-5-7-1, swift#mapper#17016 = "output/sim_7.log"
2014-08-14 20:28:47,891-0500 INFO  TRACE VARIABLE, line 25, thread R-5-7, simlog INITIALIZED <SingleFileMapper; , file = file://localhost/output/sim_7.log>
2014-08-14 20:28:47,891-0500 INFO  TRACE APPCALL, line 3, thread R-5-7-2, simulation()
2014-08-14 20:28:47,891-0500 INFO  TRACE ASSIGN, line 182, thread R-5-7-0, swift#mapper#17013 = "output/sim_7.out"
2014-08-14 20:28:47,891-0500 INFO  TRACE ASSIGN, line 28, thread R-5-7-3, sims[7] = ?simout
2014-08-14 20:28:47,891-0500 DEBUG swift PROCEDURE line=3 thread=R-5-7-2 name=simulation
2014-08-14 20:28:47,891-0500 INFO  TRACE ASSIGN, line 182, thread R-5-6-0, swift#mapper#17013 = "output/sim_6.out"
2014-08-14 20:28:47,891-0500 INFO  TRACE VARIABLE, line 24, thread R-5-7, simout INITIALIZED <SingleFileMapper; , file = file://localhost/output/sim_7.out>
2014-08-14 20:28:47,891-0500 INFO  TRACE VARIABLE, line 24, thread R-5-6, simout INITIALIZED <SingleFileMapper; , file = file://localhost/output/sim_6.out>
2014-08-14 20:28:47,891-0500 INFO  TRACE APPCALL, line 3, thread R-5-6-2, simulation()
2014-08-14 20:28:47,891-0500 DEBUG swift PROCEDURE line=3 thread=R-5-6-2 name=simulation
2014-08-14 20:28:47,891-0500 INFO  TRACE ASSIGN, line 189, thread R-5-6-1, swift#mapper#17016 = "output/sim_6.log"
2014-08-14 20:28:47,891-0500 INFO  TRACE ASSIGN, line 28, thread R-5-3x2, sims[3] = ?simout
2014-08-14 20:28:47,891-0500 INFO  TRACE ASSIGN, line 28, thread R-5x2-3, sims[5] = ?simout
2014-08-14 20:28:47,891-0500 INFO  TRACE VARIABLE, line 25, thread R-5-6, simlog INITIALIZED <SingleFileMapper; , file = file://localhost/output/sim_6.log>
2014-08-14 20:28:47,891-0500 INFO  TRACE ASSIGN, line 189, thread R-5x2-1, swift#mapper#17016 = "output/sim_5.log"
2014-08-14 20:28:47,891-0500 INFO  TRACE ASSIGN, line 182, thread R-5x2-0, swift#mapper#17013 = "output/sim_5.out"
2014-08-14 20:28:47,891-0500 INFO  TRACE VARIABLE, line 25, thread R-5x2, simlog INITIALIZED <SingleFileMapper; , file = file://localhost/output/sim_5.log>
2014-08-14 20:28:47,891-0500 INFO  TRACE APPCALL, line 3, thread R-5x2-2, simulation()
2014-08-14 20:28:47,891-0500 INFO  TRACE VARIABLE, line 24, thread R-5x2, simout INITIALIZED <SingleFileMapper; , file = file://localhost/output/sim_5.out>
2014-08-14 20:28:47,891-0500 DEBUG swift PROCEDURE line=3 thread=R-5x2-2 name=simulation
2014-08-14 20:28:47,891-0500 INFO  TRACE APPCALL, line 94, thread R-6, k:block WAIT sims:file[int] - Open
2014-08-14 20:28:47,891-0500 INFO  TRACE ASSIGN, line 182, thread R-5-3-0, swift#mapper#17013 = "output/sim_3.out"
2014-08-14 20:28:47,891-0500 INFO  TRACE ASSIGN, line 189, thread R-5-3-1, swift#mapper#17016 = "output/sim_3.log"
2014-08-14 20:28:47,891-0500 INFO  TRACE VARIABLE, line 24, thread R-5-3, simout INITIALIZED <SingleFileMapper; , file = file://localhost/output/sim_3.out>
2014-08-14 20:28:47,891-0500 INFO  TRACE VARIABLE, line 25, thread R-5-3, simlog INITIALIZED <SingleFileMapper; , file = file://localhost/output/sim_3.log>
2014-08-14 20:28:47,891-0500 INFO  TRACE APPCALL, line 3, thread R-5-3-2, simulation()
2014-08-14 20:28:47,891-0500 DEBUG swift PROCEDURE line=3 thread=R-5-3-2 name=simulation
2014-08-14 20:28:47,892-0500 INFO  TRACE ITERATION, line 23, thread R-5-8, i=8
2014-08-14 20:28:47,892-0500 INFO  TRACE APPCALL, line 3, thread R-5-2x2, simulation()
2014-08-14 20:28:47,892-0500 DEBUG swift FOREACH_IT_START line=23 thread=R-5-8
2014-08-14 20:28:47,892-0500 DEBUG swift SCOPE thread=R-5-8
2014-08-14 20:28:47,892-0500 DEBUG swift PROCEDURE line=3 thread=R-5-2x2 name=simulation
2014-08-14 20:28:47,892-0500 INFO  TRACE Variable declaration, line 166, thread R-5-8, swift#mapper#17013 org.griphyn.vdl.mapping.NullMapper@3cd82121
2014-08-14 20:28:47,892-0500 INFO  TRACE VARIABLE, line 24, thread R-5-8, simout WAIT swift#mapper#17013
2014-08-14 20:28:47,892-0500 INFO  TRACE Variable declaration, line 24, thread R-5-8, simout <SingleFileMapper; , file = ?swift#mapper#17013>
2014-08-14 20:28:47,892-0500 INFO  TRACE Variable declaration, line 174, thread R-5-8, swift#mapper#17016 org.griphyn.vdl.mapping.NullMapper@3cd82121
2014-08-14 20:28:47,892-0500 INFO  TRACE VARIABLE, line 25, thread R-5-8, simlog WAIT swift#mapper#17016
2014-08-14 20:28:47,892-0500 INFO  TRACE Variable declaration, line 25, thread R-5-8, simlog <SingleFileMapper; , file = ?swift#mapper#17016>
2014-08-14 20:28:47,893-0500 INFO  TRACE APPCALL, line 3, thread R-5-1-2, simulation()
2014-08-14 20:28:47,893-0500 INFO  TRACE ASSIGN, line 182, thread R-5-1-0, swift#mapper#17013 = "output/sim_1.out"
2014-08-14 20:28:47,893-0500 DEBUG swift PROCEDURE line=3 thread=R-5-1-2 name=simulation
2014-08-14 20:28:47,893-0500 INFO  TRACE ASSIGN, line 28, thread R-5-0-3, sims[0] = ?simout
2014-08-14 20:28:47,893-0500 INFO  TRACE VARIABLE, line 24, thread R-5-1, simout INITIALIZED <SingleFileMapper; , file = file://localhost/output/sim_1.out>
2014-08-14 20:28:47,893-0500 INFO  TRACE ASSIGN, line 182, thread R-5-2-0, swift#mapper#17013 = "output/sim_2.out"
2014-08-14 20:28:47,893-0500 INFO  TRACE APPCALL, line 3, thread R-5-8-2, simulation()
2014-08-14 20:28:47,893-0500 DEBUG swift PROCEDURE line=3 thread=R-5-8-2 name=simulation
2014-08-14 20:28:47,894-0500 INFO  TRACE ASSIGN, line 182, thread R-5-8-0, swift#mapper#17013 = "output/sim_8.out"
2014-08-14 20:28:47,894-0500 INFO  TRACE ASSIGN, line 189, thread R-5-8-1, swift#mapper#17016 = "output/sim_8.log"
2014-08-14 20:28:47,894-0500 INFO  TRACE ASSIGN, line 28, thread R-5-8-3, sims[8] = ?simout
2014-08-14 20:28:47,894-0500 INFO  TRACE VARIABLE, line 25, thread R-5-8, simlog INITIALIZED <SingleFileMapper; , file = file://localhost/output/sim_8.log>
2014-08-14 20:28:47,894-0500 INFO  TRACE APPCALL, line 94, thread R-6, k:block WAIT sims:file[int] - Open
2014-08-14 20:28:47,893-0500 INFO  TRACE VARIABLE, line 24, thread R-5-2, simout INITIALIZED <SingleFileMapper; , file = file://localhost/output/sim_2.out>
2014-08-14 20:28:47,894-0500 INFO  TRACE ITERATION, line 23, thread R-5-9, i=9
2014-08-14 20:28:47,894-0500 INFO  TRACE ASSIGN, line 189, thread R-5-0-1, swift#mapper#17016 = "output/sim_0.log"
2014-08-14 20:28:47,894-0500 DEBUG swift FOREACH_IT_START line=23 thread=R-5-9
2014-08-14 20:28:47,894-0500 DEBUG swift SCOPE thread=R-5-9
2014-08-14 20:28:47,894-0500 INFO  TRACE VARIABLE, line 25, thread R-5-0, simlog INITIALIZED <SingleFileMapper; , file = file://localhost/output/sim_0.log>
2014-08-14 20:28:47,894-0500 INFO  TRACE Variable declaration, line 166, thread R-5-9, swift#mapper#17013 org.griphyn.vdl.mapping.NullMapper@3cd82121
2014-08-14 20:28:47,894-0500 INFO  TRACE VARIABLE, line 24, thread R-5-8, simout INITIALIZED <SingleFileMapper; , file = file://localhost/output/sim_8.out>
2014-08-14 20:28:47,894-0500 INFO  TRACE ASSIGN, line 182, thread R-5-0x2, swift#mapper#17013 = "output/sim_0.out"
2014-08-14 20:28:47,894-0500 INFO  TRACE VARIABLE, line 24, thread R-5-0, simout INITIALIZED <SingleFileMapper; , file = file://localhost/output/sim_0.out>
2014-08-14 20:28:47,894-0500 INFO  TRACE ASSIGN, line 189, thread R-5-4-1, swift#mapper#17016 = "output/sim_4.log"
2014-08-14 20:28:47,894-0500 INFO  TRACE VARIABLE, line 25, thread R-5-4, simlog INITIALIZED <SingleFileMapper; , file = file://localhost/output/sim_4.log>
2014-08-14 20:28:47,895-0500 INFO  TRACE VARIABLE, line 24, thread R-5-9, simout WAIT swift#mapper#17013
2014-08-14 20:28:47,895-0500 INFO  TRACE Variable declaration, line 24, thread R-5-9, simout <SingleFileMapper; , file = ?swift#mapper#17013>
2014-08-14 20:28:47,895-0500 INFO  TRACE ASSIGN, line 28, thread R-5-6-3, sims[6] = ?simout
2014-08-14 20:28:47,895-0500 INFO  TRACE Variable declaration, line 174, thread R-5-9, swift#mapper#17016 org.griphyn.vdl.mapping.NullMapper@3cd82121
2014-08-14 20:28:47,895-0500 INFO  TRACE VARIABLE, line 25, thread R-5-9, simlog WAIT swift#mapper#17016
2014-08-14 20:28:47,895-0500 INFO  TRACE Variable declaration, line 25, thread R-5-9, simlog <SingleFileMapper; , file = ?swift#mapper#17016>
2014-08-14 20:28:47,895-0500 INFO  TRACE APPCALL, line 3, thread R-5-9-2, simulation()
2014-08-14 20:28:47,895-0500 INFO  TRACE ASSIGN, line 28, thread R-5-9-3, sims[9] = ?simout
2014-08-14 20:28:47,895-0500 DEBUG swift PROCEDURE line=3 thread=R-5-9-2 name=simulation
2014-08-14 20:28:47,895-0500 INFO  TRACE ASSIGN, line 182, thread R-5-9-0, swift#mapper#17013 = "output/sim_9.out"
2014-08-14 20:28:47,895-0500 INFO  TRACE ASSIGN, line 189, thread R-5-9-1, swift#mapper#17016 = "output/sim_9.log"
2014-08-14 20:28:47,895-0500 INFO  TRACE APPCALL, line 94, thread R-6, k:block WAIT sims:file[int] - Open
2014-08-14 20:28:47,895-0500 INFO  TRACE VARIABLE, line 25, thread R-5-9, simlog INITIALIZED <SingleFileMapper; , file = file://localhost/output/sim_9.log>
2014-08-14 20:28:47,895-0500 INFO  TRACE VARIABLE, line 24, thread R-5-9, simout INITIALIZED <SingleFileMapper; , file = file://localhost/output/sim_9.out>
2014-08-14 20:28:47,897-0500 DEBUG swift THREAD_ASSOCIATION jobid=bash-btgr4zul thread=R-5-6-2 host=midway-remote replicationGroup=null
2014-08-14 20:28:47,897-0500 DEBUG swift THREAD_ASSOCIATION jobid=bash-ctgr4zul thread=R-5-7-2 host=midway-remote replicationGroup=null
2014-08-14 20:28:47,897-0500 DEBUG swift THREAD_ASSOCIATION jobid=bash-dtgr4zul thread=R-5-3-2 host=midway-remote replicationGroup=null
2014-08-14 20:28:47,897-0500 DEBUG swift THREAD_ASSOCIATION jobid=bash-etgr4zul thread=R-5-9-2 host=midway-remote replicationGroup=null
2014-08-14 20:28:47,898-0500 DEBUG swift THREAD_ASSOCIATION jobid=bash-ftgr4zul thread=R-5-4-2 host=midway-remote replicationGroup=null
2014-08-14 20:28:47,898-0500 DEBUG swift THREAD_ASSOCIATION jobid=bash-htgr4zul thread=R-5x2-2 host=midway-remote replicationGroup=null
2014-08-14 20:28:47,898-0500 DEBUG swift THREAD_ASSOCIATION jobid=bash-gtgr4zul thread=R-5-0-2 host=midway-remote replicationGroup=null
2014-08-14 20:28:47,898-0500 DEBUG swift THREAD_ASSOCIATION jobid=bash-itgr4zul thread=R-5-8-2 host=midway-remote replicationGroup=null
2014-08-14 20:28:47,898-0500 DEBUG swift JOB_START jobid=bash-btgr4zul tr=bash arguments=[simulate.sh, --timesteps, 1, --range, 100, --nvalues, 5] tmpdir=p4-run003/jobs/b/bash-btgr4zul host=midway-remote
2014-08-14 20:28:47,898-0500 DEBUG swift JOB_START jobid=bash-itgr4zul tr=bash arguments=[simulate.sh, --timesteps, 1, --range, 100, --nvalues, 5] tmpdir=p4-run003/jobs/i/bash-itgr4zul host=midway-remote
2014-08-14 20:28:47,898-0500 DEBUG swift THREAD_ASSOCIATION jobid=bash-jtgr4zul thread=R-5-1-2 host=midway-remote replicationGroup=null
2014-08-14 20:28:47,898-0500 DEBUG swift THREAD_ASSOCIATION jobid=bash-ktgr4zul thread=R-5-2x2 host=midway-remote replicationGroup=null
2014-08-14 20:28:47,898-0500 DEBUG swift JOB_START jobid=bash-jtgr4zul tr=bash arguments=[simulate.sh, --timesteps, 1, --range, 100, --nvalues, 5] tmpdir=p4-run003/jobs/j/bash-jtgr4zul host=midway-remote
2014-08-14 20:28:47,898-0500 DEBUG swift JOB_START jobid=bash-ktgr4zul tr=bash arguments=[simulate.sh, --timesteps, 1, --range, 100, --nvalues, 5] tmpdir=p4-run003/jobs/k/bash-ktgr4zul host=midway-remote
2014-08-14 20:28:47,899-0500 DEBUG swift JOB_START jobid=bash-ftgr4zul tr=bash arguments=[simulate.sh, --timesteps, 1, --range, 100, --nvalues, 5] tmpdir=p4-run003/jobs/f/bash-ftgr4zul host=midway-remote
2014-08-14 20:28:47,899-0500 DEBUG swift stagingMethod_FOObar =proxy
2014-08-14 20:28:47,899-0500 DEBUG swift stagingMethod_FOObar =proxy
2014-08-14 20:28:47,899-0500 DEBUG swift JOB_START jobid=bash-gtgr4zul tr=bash arguments=[simulate.sh, --timesteps, 1, --range, 100, --nvalues, 5] tmpdir=p4-run003/jobs/g/bash-gtgr4zul host=midway-remote
2014-08-14 20:28:47,899-0500 DEBUG swift stagingMethod_FOObar =proxy
2014-08-14 20:28:47,899-0500 DEBUG swift stagingMethod_FOObar =proxy
2014-08-14 20:28:47,899-0500 DEBUG swift JOB_START jobid=bash-etgr4zul tr=bash arguments=[simulate.sh, --timesteps, 1, --range, 100, --nvalues, 5] tmpdir=p4-run003/jobs/e/bash-etgr4zul host=midway-remote
2014-08-14 20:28:47,899-0500 DEBUG swift JOB_START jobid=bash-dtgr4zul tr=bash arguments=[simulate.sh, --timesteps, 1, --range, 100, --nvalues, 5] tmpdir=p4-run003/jobs/d/bash-dtgr4zul host=midway-remote
2014-08-14 20:28:47,899-0500 DEBUG swift JOB_START jobid=bash-ctgr4zul tr=bash arguments=[simulate.sh, --timesteps, 1, --range, 100, --nvalues, 5] tmpdir=p4-run003/jobs/c/bash-ctgr4zul host=midway-remote
2014-08-14 20:28:47,900-0500 DEBUG swift stagingMethod_FOObar =proxy
2014-08-14 20:28:47,900-0500 DEBUG swift stagingMethod_FOObar =proxy
2014-08-14 20:28:47,899-0500 DEBUG swift stagingMethod_FOObar =proxy
2014-08-14 20:28:47,900-0500 DEBUG swift JOB_START jobid=bash-htgr4zul tr=bash arguments=[simulate.sh, --timesteps, 1, --range, 100, --nvalues, 5] tmpdir=p4-run003/jobs/h/bash-htgr4zul host=midway-remote
2014-08-14 20:28:47,900-0500 DEBUG swift stagingMethod_FOObar =proxy
2014-08-14 20:28:47,900-0500 DEBUG swift stagingMethod_FOObar =proxy
2014-08-14 20:28:47,901-0500 DEBUG swift stagingMethod_FOObar =proxy
2014-08-14 20:28:47,908-0500 INFO  GlobalSubmitQueue No global submit throttle set. Using default (1024)
2014-08-14 20:28:47,934-0500 INFO  LocalService Started local service: 127.0.1.1:54789
2014-08-14 20:28:47,938-0500 INFO  BootstrapService Socket bound. URL is http://borgmachine:36595
2014-08-14 20:28:47,945-0500 INFO  ServiceManager No standard proxy found. Using AutoCA.
2014-08-14 20:28:48,014-0500 INFO  AutoCA Shared proxies are disabled. Creating new certificate: /home/yadu/.globus/coasters/proxy.0.pem
2014-08-14 20:28:48,014-0500 INFO  AutoCA Generating CA key pair
2014-08-14 20:28:48,156-0500 INFO  AutoCA Self-signing CA certificate
2014-08-14 20:28:48,170-0500 INFO  AutoCA Generating user key pair
2014-08-14 20:28:48,231-0500 INFO  AutoCA Signing user certificate
2014-08-14 20:28:48,238-0500 INFO  AutoCA Generating proxy certificate
2014-08-14 20:28:48,348-0500 INFO  AutoCA Writing keys, certificates, and proxy
2014-08-14 20:28:48,375-0500 INFO  JobSubmissionTaskHandler Submit: in: null command: /bin/bash -l -c echo -e "BS="http://borgmachine:36595"\x0aLS="https://127.0.1.1:54789"\x0aEMD5="8bd47b4e2e22b9e1a459999ca648b788"\x0aID="11944056200"\x0aH="midway.rcc.uchicago.edu"\x0aHO=\x247\x0aB=\x22coaster-bootstrap\x22\x0a\x0aerror() {\x0aecho \x241\x0aecho \x241 \x3e\x3e\x24L\x0arm -f \x24DJ\x0aexit 1\x0a}\x0atf() {\x0aeval [ \x22X\x241\x22 == \x22X\x22 ] || [ ! -x \x22\x241\x22 ]\x0a}\x0adetectPaths() {\x0aR=\x60eval which java 2\x3e\x3e\x24L\x60\x0aCMD=\x22which java 1\x3e/tmp/\x24ID\x22\x0aif tf \x24R; then\x0a/bin/bash -l -c \x22\x24CMD\x22 \x3e\x3e\x24L\x0aR=\x60cat /tmp/\x24ID\x60\x0aif tf \x24R; then\x0aR=\x60eval echo \x24JAVA_HOME\x60\x0aif [ \x22X\x24R\x22 != \x22X\x22 ]; then\x0aWR=plain\x0aR=\x24R/bin/java\x0aelse\x0a/bin/bash -l -c \x27echo \x24JAVA_HOME 1\x3e/tmp/\x24ID\x27 2\x3e\x3e\x24L\x0aR=\x60cat /tmp/\x24ID\x60\x0aif [ \x22X\x24R\x22 == \x22X\x22 ]; then\x0aerror \x22Cannot find java\x22\x0afi\x0aWR=wrapped\x0aR=\x24R/bin/java\x0afi\x0aelse\x0aWR=wrapped\x0afi\x0aelse\x0aWR=plain\x0afi\x0aecho \x22using \x24WR mode\x22 \x3e\x3e\x24L\x0arm -f /tmp/\x24ID\x0aJAVA=\x24R\x0a}\x0awrapped() {\x0aIFS=\x22 \x22\x0a/bin/bash -l -c \x22\x24* 1\x3e/tmp/\x24ID\x22 \x3e\x3e\x24L\x0acat /tmp/\x24ID\x0a}\x0aplain() {\x0aeval \x22\x24@\x22\x0a}\x0a\x0aif [ \x22\x24HO\x22 == \x22\x22 ]; then\x0aHO=\x24HOME\x0afi\x0a\x0aif [ \x22\x24L\x22 == \x22\x22 ]; then\x0aL=\x24HO/\x24B-\x24ID.log\x0afi\x0a\x0adetectPaths\x0aDJ=\x60mktemp /tmp/bootstrap.XXXXXX\x60\x0aUNAME=\x60uname\x60\x0aecho \x22BS: \x24BS\x22 \x3e\x3e\x24L\x0aWGET=\x60\x24WR which wget\x60\x0aif [ \x22X\x24WGET\x22 == \x22X\x22 ]; then\x0aWGET=\x60\x24WR which curl\x60\x0aif [ \x22X\x24WGET\x22 == \x22X\x22 ]; then\x0aerror \x22No wget or curl available\x22\x0aelif [ \x22\x24UNAME\x22 == \x22Darwin\x22 ]; then\x0aWGET=\x22\x24WGET -o \x24DJ \x24BS/\x24B.jar \x3e\x3e\x24L 2\x3e&1\x22\x0aelse\x0aWGET=\x22\x24WGET -O \x24DJ \x24BS/\x24B.jar \x3e\x3e\x24L 2\x3e&1\x22\x0afi\x0aelse\x0aWGET=\x22\x24WGET -c -q \x24BS/\x24B.jar -O \x24DJ \x3e\x3e\x24L 2\x3e&1\x22\x0afi\x0aeval \x24WGET\x0aif [ \x22\x24?\x22 != \x220\x22 ]; then\x0aerror \x22Failed to download bootstrap jar from \x24BS\x22\x0afi\x0a\x0aMD5SUM=\x60\x24WR which gmd5sum 2\x3e\x3e\x24L\x60\x0aif [ \x22X\x24MD5SUM\x22 == \x22X\x22 ]; then\x0aMD5SUM=\x60\x24WR which md5sum 2\x3e\x3e\x24L\x60\x0aif [ \x22X\x24MD5SUM\x22 == \x22X\x22 ]; then\x0aMD5SUM=\x60\x24WR which md5 2\x3e\x3e\x24L\x60\x0aif [ \x22X\x24MD5SUM\x22 == \x22X\x22 ]; then\x0aerror \x22No md5/md5sum/gmd5sum found\x22\x0aelse\x0aif [ \x22\x24UNAME\x22 == \x22Darwin\x22 ]; then\x0aMD5SUM=\x22\x24MD5SUM -r\x22\x0afi\x0afi\x0afi\x0afi\x0aAMD5=\x60\x24MD5SUM \x24DJ\x60\x0aAAMD5=\x60eval echo \\x24\{AMD5:0:32\}\x60\x0aecho \x22Expected checksum: \x24EMD5\x22 \x3e\x3e\x24L\x0aecho \x22Computed checksum: \x24AAMD5\x22 \x3e\x3e\x24L\x0aif [ \x22\x24AAMD5\x22 != \x22\x24EMD5\x22 ]; then\x0aerror \x22Bootstrap jar checksum failed: \x24EMD5 != \x24AAMD5\x22\x0afi\x0aecho \x22JAVA=\x24JAVA\x22 \x3e\x3e\x24L\x0aif [ -x \x24JAVA ]; then\x0aCMD=\x22\x24WR \x24JAVA -Djava=\\x22\x24JAVA\\x22 -DGLOBUS_TCP_PORT_RANGE=\\x22\x24GLOBUS_TCP_PORT_RANGE\\x22 -DX509_USER_PROXY=\\x22\x24X509_USER_PROXY\\x22 -DX509_CERT_DIR=\\x22\x24X509_CERT_DIR\\x22 -DGLOBUS_HOSTNAME=\\x22\x24H\\x22 -Duser.home=\\x22\x24HO\\x22 -jar \x24DJ \x24BS \x24LS \x24ID\x22\x0aecho \x24CMD \x3e\x3e\x24L\x0aeval \x24CMD \x3e\x3e\x24L\x0aEC=\x24?\x0aecho \x22EC: \x24EC\x22 \x3e\x3e\x24L\x0arm -f \x24DJ\x0aexit \x24EC\x0aelse\x0aerror \x22Could not find a valid java executable\x22\x0afi\x0a"|/bin/bash
2014-08-14 20:28:48,417-0500 INFO  JobSubmissionTaskHandler Submit: in: null command: ssh -p 22 midway.rcc.uchicago.edu mkdir -p ~/.globus ; ls -d ~
2014-08-14 20:28:48,884-0500 INFO  RuntimeStats$ProgressTicker   Submitting:10
2014-08-14 20:28:48,884-0500 INFO  RuntimeStats$ProgressTicker HeapMax: 954466304, CrtHeap: 124387328, UsedHeap: 13826512
2014-08-14 20:29:18,890-0500 INFO  RuntimeStats$ProgressTicker   Submitting:10
2014-08-14 20:29:18,891-0500 INFO  RuntimeStats$ProgressTicker HeapMax: 954466304, CrtHeap: 124387328, UsedHeap: 14316688
2014-08-14 20:29:21,557-0500 INFO  ServiceManager Cleaning up...
2014-08-14 20:29:21,561-0500 INFO  ServiceManager Service task Task(type=JOB_SUBMISSION, identity=urn:cog-1408066127767) terminated. Removing service.
2014-08-14 20:29:21,561-0500 INFO  ServiceManager Service does not appear to be registered with this manager
2014-08-14 20:29:21,561-0500 INFO  ServiceManager Coaster service ended. Reason: null
	stdout: null
	stderr: null
2014-08-14 20:29:21,565-0500 INFO  NotificationManager midway.rcc.uchicago.edu
